[debug] [2025-07-09T19:51:25.311Z] ----------------------------------------------------------------------
[debug] [2025-07-09T19:51:25.313Z] Command:       /opt/homebrew/Cellar/node/23.10.0_1/bin/node /opt/homebrew/bin/firebase init
[debug] [2025-07-09T19:51:25.313Z] CLI Version:   14.9.0
[debug] [2025-07-09T19:51:25.313Z] Platform:      darwin
[debug] [2025-07-09T19:51:25.313Z] Node Version:  v23.10.0
[debug] [2025-07-09T19:51:25.313Z] Time:          Wed Jul 09 2025 13:51:25 GMT-0600 (Mountain Daylight Time)
[debug] [2025-07-09T19:51:25.313Z] ----------------------------------------------------------------------
[debug] 
[debug] [2025-07-09T19:51:25.373Z] > command requires scopes: ["email","openid","https://www.googleapis.com/auth/cloudplatformprojects.readonly","https://www.googleapis.com/auth/firebase","https://www.googleapis.com/auth/cloud-platform"]
[debug] [2025-07-09T19:51:25.373Z] > authorizing via signed-in user (kylemath@gmail.com)
[info] 
     ######## #### ########  ######## ########     ###     ######  ########
     ##        ##  ##     ## ##       ##     ##  ##   ##  ##       ##
     ######    ##  ########  ######   ########  #########  ######  ######
     ##        ##  ##    ##  ##       ##     ## ##     ##       ## ##
     ##       #### ##     ## ######## ########  ##     ##  ######  ########

You're about to initialize a Firebase project in this directory:

  /Users/kylemathewson/MAESTRO

Before we get started, keep in mind:

  * You are initializing within an existing Firebase project directory

[debug] [2025-07-09T19:55:00.504Z] ----------------------------------------------------------------------
[debug] [2025-07-09T19:55:00.505Z] Command:       /opt/homebrew/Cellar/node/23.10.0_1/bin/node /opt/homebrew/bin/firebase init
[debug] [2025-07-09T19:55:00.506Z] CLI Version:   14.9.0
[debug] [2025-07-09T19:55:00.506Z] Platform:      darwin
[debug] [2025-07-09T19:55:00.506Z] Node Version:  v23.10.0
[debug] [2025-07-09T19:55:00.506Z] Time:          Wed Jul 09 2025 13:55:00 GMT-0600 (Mountain Daylight Time)
[debug] [2025-07-09T19:55:00.506Z] ----------------------------------------------------------------------
[debug] 
[debug] [2025-07-09T19:55:00.567Z] > command requires scopes: ["email","openid","https://www.googleapis.com/auth/cloudplatformprojects.readonly","https://www.googleapis.com/auth/firebase","https://www.googleapis.com/auth/cloud-platform"]
[debug] [2025-07-09T19:55:00.567Z] > authorizing via signed-in user (kylemath@gmail.com)
[info] 
     ######## #### ########  ######## ########     ###     ######  ########
     ##        ##  ##     ## ##       ##     ##  ##   ##  ##       ##
     ######    ##  ########  ######   ########  #########  ######  ######
     ##        ##  ##    ##  ##       ##     ## ##     ##       ## ##
     ##       #### ##     ## ######## ########  ##     ##  ######  ########

You're about to initialize a Firebase project in this directory:

  /Users/kylemathewson/MAESTRO

Before we get started, keep in mind:

  * You are initializing within an existing Firebase project directory

[info] 
=== Project Setup
[info] 
[info] First, let's associate this project directory with a Firebase project.
[info] You can create multiple project aliases by running firebase use --add, 
[info] but for now we'll just set up a default project.
[info] 
[debug] [2025-07-09T19:56:00.685Z] Using project from CLI flag: voyage-r4d3k2
[debug] [2025-07-09T19:56:00.686Z] Checked if tokens are valid: true, expires at: 1752094277791
[debug] [2025-07-09T19:56:00.686Z] Checked if tokens are valid: true, expires at: 1752094277791
[debug] [2025-07-09T19:56:00.687Z] >>> [apiv2][query] GET https://firebase.googleapis.com/v1beta1/projects/voyage-r4d3k2 [none]
[debug] [2025-07-09T19:56:00.998Z] <<< [apiv2][status] GET https://firebase.googleapis.com/v1beta1/projects/voyage-r4d3k2 200
[debug] [2025-07-09T19:56:00.999Z] <<< [apiv2][body] GET https://firebase.googleapis.com/v1beta1/projects/voyage-r4d3k2 {"projectId":"voyage-r4d3k2","projectNumber":"800403934471","displayName":"voyage-r4d3k2","name":"projects/voyage-r4d3k2","resources":{"hostingSite":"voyage-r4d3k2"},"state":"ACTIVE","etag":"1_3cd3434d-cb5e-49aa-b44b-af1b159dccff"}
[info] i  Using project voyage-r4d3k2 (voyage-r4d3k2) 
[info] 
=== Hosting Setup
[debug] [2025-07-09T19:56:01.008Z] Checked if tokens are valid: true, expires at: 1752094277791
[debug] [2025-07-09T19:56:01.008Z] Checked if tokens are valid: true, expires at: 1752094277791
[debug] [2025-07-09T19:56:01.008Z] >>> [apiv2][query] GET https://firebase.googleapis.com/v1beta1/projects/voyage-r4d3k2 [none]
[debug] [2025-07-09T19:56:01.287Z] <<< [apiv2][status] GET https://firebase.googleapis.com/v1beta1/projects/voyage-r4d3k2 200
[debug] [2025-07-09T19:56:01.287Z] <<< [apiv2][body] GET https://firebase.googleapis.com/v1beta1/projects/voyage-r4d3k2 {"projectId":"voyage-r4d3k2","projectNumber":"800403934471","displayName":"voyage-r4d3k2","name":"projects/voyage-r4d3k2","resources":{"hostingSite":"voyage-r4d3k2"},"state":"ACTIVE","etag":"1_3cd3434d-cb5e-49aa-b44b-af1b159dccff"}
[info] 
[info] Your public directory is the folder (relative to your project directory) that
[info] will contain Hosting assets to be uploaded with firebase deploy. If you
[info] have a build process for your assets, use your build's output directory.
[info] 
[debug] [2025-07-09T19:56:26.629Z] >>> [apiv2][query] GET https://www.gstatic.com/firebasejs/releases.json [none]
[debug] [2025-07-09T19:56:26.736Z] <<< [apiv2][status] GET https://www.gstatic.com/firebasejs/releases.json 200
[debug] [2025-07-09T19:56:26.736Z] <<< [apiv2][body] GET https://www.gstatic.com/firebasejs/releases.json {"current":{"version":"11.10.0","browserURL":"https://www.gstatic.com/firebasejs/11.10.0/firebase.js","packageURL":"https://www.gstatic.com/firebasejs/11.10.0/firebase.tgz"},"live":{"version":"11.10","browserURL":"https://www.gstatic.com/firebasejs/live/11.10/firebase.js","packageURL":"https://www.gstatic.com/firebasejs/live/11.10/firebase.tgz"},"components":{"ai":"https://www.gstatic.com/firebasejs/11.10.0/firebase-ai.js","analytics":"https://www.gstatic.com/firebasejs/11.10.0/firebase-analytics.js","app":"https://www.gstatic.com/firebasejs/11.10.0/firebase-app.js","app-check":"https://www.gstatic.com/firebasejs/11.10.0/firebase-app-check.js","auth":"https://www.gstatic.com/firebasejs/11.10.0/firebase-auth.js","auth/cordova":"https://www.gstatic.com/firebasejs/11.10.0/firebase-auth/cordova.js","auth/web-extension":"https://www.gstatic.com/firebasejs/11.10.0/firebase-auth/web-extension.js","functions":"https://www.gstatic.com/firebasejs/11.10.0/firebase-functions.js","firestore":"https://www.gstatic.com/firebasejs/11.10.0/firebase-firestore.js","firestore/lite":"https://www.gstatic.com/firebasejs/11.10.0/firebase-firestore/lite.js","installations":"https://www.gstatic.com/firebasejs/11.10.0/firebase-installations.js","storage":"https://www.gstatic.com/firebasejs/11.10.0/firebase-storage.js","performance":"https://www.gstatic.com/firebasejs/11.10.0/firebase-performance.js","remote-config":"https://www.gstatic.com/firebasejs/11.10.0/firebase-remote-config.js","messaging":"https://www.gstatic.com/firebasejs/11.10.0/firebase-messaging.js","messaging/sw":"https://www.gstatic.com/firebasejs/11.10.0/firebase-messaging/sw.js","database":"https://www.gstatic.com/firebasejs/11.10.0/firebase-database.js","vertexai":"https://www.gstatic.com/firebasejs/11.10.0/firebase-vertexai.js","data-connect":"https://www.gstatic.com/firebasejs/11.10.0/firebase-data-connect.js","firestore.memory":"https://www.gstatic.com/firebasejs/11.10.0/firebase-firestore.memory.js"}}
[info] ✔  Wrote build/index.html 
[info] 
[info] i  Didn't detect a .git folder. Assuming /Users/kylemathewson/MAESTRO is the project root. 
[info] i  Authorizing with GitHub to upload your service account to a GitHub repository's secrets store. 
[info] 
[info] Visit this URL on this device to log in:
[info] https://github.com/login/oauth/authorize?client_id=89cf50f02ac6aaed3484&state=727454918&redirect_uri=http%3A%2F%2Flocalhost%3A9005&scope=read%3Auser%20repo%20public_repo
[info] 
[info] Waiting for authentication...
[debug] [2025-07-09T19:56:47.402Z] >>> [apiv2][query] POST https://github.com/login/oauth/access_token [none]
[debug] [2025-07-09T19:56:47.403Z] >>> [apiv2][body] POST https://github.com/login/oauth/access_token [stream]
[debug] [2025-07-09T19:56:47.674Z] <<< [apiv2][status] POST https://github.com/login/oauth/access_token 200
[debug] [2025-07-09T19:56:47.674Z] <<< [apiv2][body] POST https://github.com/login/oauth/access_token {"access_token":"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","token_type":"bearer","scope":"read:user,repo"}
[debug] [2025-07-09T19:56:47.678Z] >>> [apiv2][query] GET https://api.github.com/user [none]
[debug] [2025-07-09T19:56:48.022Z] <<< [apiv2][status] GET https://api.github.com/user 200
[debug] [2025-07-09T19:56:48.023Z] <<< [apiv2][body] GET https://api.github.com/user {"login":"kylemath","id":3662613,"node_id":"MDQ6VXNlcjM2NjI2MTM=","avatar_url":"https://avatars.githubusercontent.com/u/3662613?v=4","gravatar_id":"","url":"https://api.github.com/users/kylemath","html_url":"https://github.com/kylemath","followers_url":"https://api.github.com/users/kylemath/followers","following_url":"https://api.github.com/users/kylemath/following{/other_user}","gists_url":"https://api.github.com/users/kylemath/gists{/gist_id}","starred_url":"https://api.github.com/users/kylemath/starred{/owner}{/repo}","subscriptions_url":"https://api.github.com/users/kylemath/subscriptions","organizations_url":"https://api.github.com/users/kylemath/orgs","repos_url":"https://api.github.com/users/kylemath/repos","events_url":"https://api.github.com/users/kylemath/events{/privacy}","received_events_url":"https://api.github.com/users/kylemath/received_events","type":"User","user_view_type":"private","site_admin":false,"name":"Kyle Mathewson","company":"University of Alberta","blog":"http://kylemathewson.com","location":"Edmonton, AB","email":"kylemath@gmail.com","hireable":null,"bio":"Associate Professor of Psychology and Neuroscience, Director of the Attention Perception and Performance Lab","twitter_username":null,"notification_email":"kylemath@gmail.com","public_repos":66,"public_gists":0,"followers":117,"following":19,"created_at":"2013-02-21T19:14:22Z","updated_at":"2025-07-09T04:19:44Z","private_gists":3,"total_private_repos":19,"owned_private_repos":16,"disk_usage":4904174,"collaborators":9,"two_factor_authentication":true,"plan":{"name":"free","space":976562499,"collaborators":0,"private_repos":10000}}
[info] 
[info] ✔  Success! Logged into GitHub as kylemath 
[info] 
